nohup: ignoring input
[2026-05-17 18:18:35 +0000] [6751] [INFO] Starting gunicorn 26.0.0
[2026-05-17 18:18:35 +0000] [6751] [ERROR] Connection in use: ('0.0.0.0', 5000)
[2026-05-17 18:18:35 +0000] [6751] [ERROR] connection to ('0.0.0.0', 5000) failed: [Errno 98] Address already in use
[2026-05-17 18:18:36 +0000] [6751] [ERROR] Connection in use: ('0.0.0.0', 5000)
[2026-05-17 18:18:36 +0000] [6751] [ERROR] connection to ('0.0.0.0', 5000) failed: [Errno 98] Address already in use
[2026-05-17 18:18:37 +0000] [6751] [ERROR] Connection in use: ('0.0.0.0', 5000)
[2026-05-17 18:18:37 +0000] [6751] [ERROR] connection to ('0.0.0.0', 5000) failed: [Errno 98] Address already in use
[2026-05-17 18:18:38 +0000] [6751] [ERROR] Connection in use: ('0.0.0.0', 5000)
[2026-05-17 18:18:38 +0000] [6751] [ERROR] connection to ('0.0.0.0', 5000) failed: [Errno 98] Address already in use
[2026-05-17 18:18:39 +0000] [6751] [ERROR] Connection in use: ('0.0.0.0', 5000)
[2026-05-17 18:18:39 +0000] [6751] [ERROR] connection to ('0.0.0.0', 5000) failed: [Errno 98] Address already in use
[2026-05-17 18:18:40 +0000] [6751] [ERROR] Can't connect to ('0.0.0.0', 5000)
nohup: ignoring input
nohup: ignoring input
[2026-05-17 19:25:12 +0000] [8015] [INFO] Starting gunicorn 26.0.0
[2026-05-17 19:25:12 +0000] [8015] [INFO] Listening at: http://127.0.0.1:5000 (8015)
[2026-05-17 19:25:12 +0000] [8015] [INFO] Using worker: gthread
[2026-05-17 19:25:12 +0000] [8016] [INFO] Booting worker with pid: 8016
[2026-05-17 19:25:12 +0000] [8017] [INFO] Booting worker with pid: 8017
[2026-05-17 19:25:12 +0000] [8018] [INFO] Booting worker with pid: 8018
[2026-05-17 19:25:12 +0000] [8020] [INFO] Booting worker with pid: 8020
[2026-05-17 19:25:12 +0000] [8015] [INFO] Control socket listening at /run/user/0/gunicorn.ctl
[2026-05-17 19:35:28 +0000] [8017] [INFO] Worker exiting (pid: 8017)
[2026-05-17 19:35:28 +0000] [8016] [INFO] Worker exiting (pid: 8016)
[scheduler] 每日日报已调度: Asia/Shanghai 08:00 (DISABLE_DAILY_SCHEDULER=1 可关闭)
[scheduler] 每日日报已调度: Asia/Shanghai 08:00 (DISABLE_DAILY_SCHEDULER=1 可关闭)
[2026-05-17 19:35:28 +0000] [8020] [INFO] Worker exiting (pid: 8020)
[scheduler] 每日日报已调度: Asia/Shanghai 08:00 (DISABLE_DAILY_SCHEDULER=1 可关闭)
[2026-05-17 19:35:28 +0000] [8018] [INFO] Worker exiting (pid: 8018)
[scheduler] 每日日报已调度: Asia/Shanghai 08:00 (DISABLE_DAILY_SCHEDULER=1 可关闭)
[2026-05-17 19:35:28 +0000] [8015] [INFO] Handling signal: term
[2026-05-17 19:35:28 +0000] [8015] [INFO] Worker (pid:8016) was sent SIGTERM!
[2026-05-17 19:35:28 +0000] [8015] [INFO] Worker (pid:8017) was sent SIGTERM!
[2026-05-17 19:35:28 +0000] [8015] [INFO] Worker (pid:8018) was sent SIGTERM!
[2026-05-17 19:35:28 +0000] [8015] [INFO] Worker (pid:8020) was sent SIGTERM!
[2026-05-17 19:35:28 +0000] [8015] [INFO] Shutting down: Master
nohup: ignoring input
nohup: ignoring input
[2026-05-17 19:35:32 +0000] [8294] [INFO] Starting gunicorn 26.0.0
[2026-05-17 19:35:32 +0000] [8294] [INFO] Listening at: http://127.0.0.1:5000 (8294)
[2026-05-17 19:35:32 +0000] [8294] [INFO] Using worker: gthread
[2026-05-17 19:35:32 +0000] [8295] [INFO] Booting worker with pid: 8295
[2026-05-17 19:35:32 +0000] [8296] [INFO] Booting worker with pid: 8296
[2026-05-17 19:35:32 +0000] [8297] [INFO] Booting worker with pid: 8297
[2026-05-17 19:35:32 +0000] [8298] [INFO] Booting worker with pid: 8298
[2026-05-17 19:35:33 +0000] [8294] [INFO] Control socket listening at /run/user/0/gunicorn.ctl
[2026-05-17 19:38:30 +0000] [8295] [INFO] Worker exiting (pid: 8295)
[2026-05-17 19:38:30 +0000] [8298] [INFO] Worker exiting (pid: 8298)
[scheduler] 每日日报已调度: Asia/Shanghai 08:00 (DISABLE_DAILY_SCHEDULER=1 可关闭)
[scheduler] 每日日报已调度: Asia/Shanghai 08:00 (DISABLE_DAILY_SCHEDULER=1 可关闭)
[2026-05-17 19:38:30 +0000] [8296] [INFO] Worker exiting (pid: 8296)
[scheduler] 每日日报已调度: Asia/Shanghai 08:00 (DISABLE_DAILY_SCHEDULER=1 可关闭)
[2026-05-17 19:38:30 +0000] [8297] [INFO] Worker exiting (pid: 8297)
[scheduler] 每日日报已调度: Asia/Shanghai 08:00 (DISABLE_DAILY_SCHEDULER=1 可关闭)
[2026-05-17 19:38:30 +0000] [8294] [INFO] Handling signal: term
[2026-05-17 19:38:30 +0000] [8294] [INFO] Worker (pid:8295) was sent SIGTERM!
[2026-05-17 19:38:30 +0000] [8294] [INFO] Worker (pid:8296) was sent SIGTERM!
[2026-05-17 19:38:30 +0000] [8294] [INFO] Worker (pid:8298) was sent SIGTERM!
[2026-05-17 19:38:30 +0000] [8294] [INFO] Shutting down: Master
nohup: ignoring input
[2026-05-17 19:38:32 +0000] [8407] [INFO] Starting gunicorn 26.0.0
[2026-05-17 19:38:32 +0000] [8407] [INFO] Listening at: http://127.0.0.1:5000 (8407)
[2026-05-17 19:38:32 +0000] [8407] [INFO] Using worker: gthread
[2026-05-17 19:38:32 +0000] [8408] [INFO] Booting worker with pid: 8408
[2026-05-17 19:38:32 +0000] [8409] [INFO] Booting worker with pid: 8409
[2026-05-17 19:38:32 +0000] [8410] [INFO] Booting worker with pid: 8410
[2026-05-17 19:38:32 +0000] [8411] [INFO] Booting worker with pid: 8411
[2026-05-17 19:38:32 +0000] [8407] [INFO] Control socket listening at /run/user/0/gunicorn.ctl
[2026-05-17 19:42:04 +0000] [8407] [INFO] Handling signal: term
[2026-05-17 19:42:04 +0000] [8408] [INFO] Worker exiting (pid: 8408)
[2026-05-17 19:42:04 +0000] [8409] [INFO] Worker exiting (pid: 8409)
[scheduler] 每日日报已调度: Asia/Shanghai 08:00 (DISABLE_DAILY_SCHEDULER=1 可关闭)
[2026-05-17 19:42:04 +0000] [8410] [INFO] Worker exiting (pid: 8410)
[scheduler] 每日日报已调度: Asia/Shanghai 08:00 (DISABLE_DAILY_SCHEDULER=1 可关闭)
[2026-05-17 19:42:04 +0000] [8411] [INFO] Worker exiting (pid: 8411)
[scheduler] 每日日报已调度: Asia/Shanghai 08:00 (DISABLE_DAILY_SCHEDULER=1 可关闭)
[scheduler] 每日日报已调度: Asia/Shanghai 08:00 (DISABLE_DAILY_SCHEDULER=1 可关闭)
[2026-05-17 19:42:05 +0000] [8407] [INFO] Shutting down: Master
nohup: ignoring input
[2026-05-17 19:42:06 +0000] [8527] [INFO] Starting gunicorn 26.0.0
[2026-05-17 19:42:06 +0000] [8527] [INFO] Listening at: http://127.0.0.1:5000 (8527)
[2026-05-17 19:42:06 +0000] [8527] [INFO] Using worker: gthread
[2026-05-17 19:42:06 +0000] [8528] [INFO] Booting worker with pid: 8528
[2026-05-17 19:42:06 +0000] [8529] [INFO] Booting worker with pid: 8529
[2026-05-17 19:42:06 +0000] [8530] [INFO] Booting worker with pid: 8530
[2026-05-17 19:42:06 +0000] [8531] [INFO] Booting worker with pid: 8531
[2026-05-17 19:42:06 +0000] [8527] [INFO] Control socket listening at /run/user/0/gunicorn.ctl
[2026-05-17 19:46:53 +0000] [8527] [INFO] Handling signal: term
[2026-05-17 19:46:53 +0000] [8529] [INFO] Worker exiting (pid: 8529)
[scheduler] 每日日报已调度: Asia/Shanghai 08:00 (DISABLE_DAILY_SCHEDULER=1 可关闭)
[2026-05-17 19:46:53 +0000] [8528] [INFO] Worker exiting (pid: 8528)
[scheduler] 每日日报已调度: Asia/Shanghai 08:00 (DISABLE_DAILY_SCHEDULER=1 可关闭)
[2026-05-17 19:46:53 +0000] [8531] [INFO] Worker exiting (pid: 8531)
[scheduler] 每日日报已调度: Asia/Shanghai 08:00 (DISABLE_DAILY_SCHEDULER=1 可关闭)
[2026-05-17 19:46:53 +0000] [8530] [INFO] Worker exiting (pid: 8530)
[scheduler] 每日日报已调度: Asia/Shanghai 08:00 (DISABLE_DAILY_SCHEDULER=1 可关闭)
[2026-05-17 19:46:53 +0000] [8527] [INFO] Worker (pid:8531) was sent SIGTERM!
[2026-05-17 19:46:54 +0000] [8527] [INFO] Shutting down: Master
nohup: ignoring input
[2026-05-17 19:46:55 +0000] [8648] [INFO] Starting gunicorn 26.0.0
[2026-05-17 19:46:55 +0000] [8648] [INFO] Listening at: http://127.0.0.1:5000 (8648)
[2026-05-17 19:46:55 +0000] [8648] [INFO] Using worker: gthread
[2026-05-17 19:46:55 +0000] [8649] [INFO] Booting worker with pid: 8649
[2026-05-17 19:46:55 +0000] [8650] [INFO] Booting worker with pid: 8650
[2026-05-17 19:46:55 +0000] [8651] [INFO] Booting worker with pid: 8651
[2026-05-17 19:46:56 +0000] [8653] [INFO] Booting worker with pid: 8653
[2026-05-17 19:46:56 +0000] [8648] [INFO] Control socket listening at /run/user/0/gunicorn.ctl
[2026-05-17 19:54:04 +0000] [8648] [INFO] Handling signal: term
[2026-05-17 19:54:04 +0000] [8649] [INFO] Worker exiting (pid: 8649)
[scheduler] 每日日报已调度: Asia/Shanghai 08:00 (DISABLE_DAILY_SCHEDULER=1 可关闭)
[2026-05-17 19:54:04 +0000] [8651] [INFO] Worker exiting (pid: 8651)
[scheduler] 每日日报已调度: Asia/Shanghai 08:00 (DISABLE_DAILY_SCHEDULER=1 可关闭)
[2026-05-17 19:54:04 +0000] [8650] [INFO] Worker exiting (pid: 8650)
[scheduler] 每日日报已调度: Asia/Shanghai 08:00 (DISABLE_DAILY_SCHEDULER=1 可关闭)
[2026-05-17 19:54:04 +0000] [8653] [INFO] Worker exiting (pid: 8653)
[scheduler] 每日日报已调度: Asia/Shanghai 08:00 (DISABLE_DAILY_SCHEDULER=1 可关闭)
[2026-05-17 19:54:05 +0000] [8648] [INFO] Shutting down: Master
nohup: ignoring input
[2026-05-17 19:54:06 +0000] [8732] [INFO] Starting gunicorn 26.0.0
[2026-05-17 19:54:06 +0000] [8732] [INFO] Listening at: http://127.0.0.1:5000 (8732)
[2026-05-17 19:54:06 +0000] [8732] [INFO] Using worker: gthread
[2026-05-17 19:54:06 +0000] [8734] [INFO] Booting worker with pid: 8734
[2026-05-17 19:54:06 +0000] [8735] [INFO] Booting worker with pid: 8735
[2026-05-17 19:54:06 +0000] [8736] [INFO] Booting worker with pid: 8736
[2026-05-17 19:54:06 +0000] [8737] [INFO] Booting worker with pid: 8737
[2026-05-17 19:54:06 +0000] [8732] [INFO] Control socket listening at /run/user/0/gunicorn.ctl
[2026-05-17 19:55:05 +0000] [8732] [INFO] Handling signal: term
[2026-05-17 19:55:05 +0000] [8734] [INFO] Worker exiting (pid: 8734)
[2026-05-17 19:55:05 +0000] [8735] [INFO] Worker exiting (pid: 8735)
[scheduler] 每日日报已调度: Asia/Shanghai 08:00 (DISABLE_DAILY_SCHEDULER=1 可关闭)
[2026-05-17 19:55:05 +0000] [8737] [INFO] Worker exiting (pid: 8737)
[scheduler] 每日日报已调度: Asia/Shanghai 08:00 (DISABLE_DAILY_SCHEDULER=1 可关闭)
[2026-05-17 19:55:05 +0000] [8736] [INFO] Worker exiting (pid: 8736)
[scheduler] 每日日报已调度: Asia/Shanghai 08:00 (DISABLE_DAILY_SCHEDULER=1 可关闭)
[scheduler] 每日日报已调度: Asia/Shanghai 08:00 (DISABLE_DAILY_SCHEDULER=1 可关闭)
[2026-05-17 19:55:05 +0000] [8732] [INFO] Worker (pid:8736) was sent SIGTERM!
[2026-05-17 19:55:05 +0000] [8732] [INFO] Worker (pid:8737) was sent SIGTERM!
[2026-05-17 19:55:06 +0000] [8732] [INFO] Shutting down: Master
nohup: ignoring input
[2026-05-17 19:55:07 +0000] [8770] [INFO] Starting gunicorn 26.0.0
[2026-05-17 19:55:07 +0000] [8770] [INFO] Listening at: http://127.0.0.1:5000 (8770)
[2026-05-17 19:55:07 +0000] [8770] [INFO] Using worker: gthread
[2026-05-17 19:55:07 +0000] [8772] [INFO] Booting worker with pid: 8772
[2026-05-17 19:55:07 +0000] [8773] [INFO] Booting worker with pid: 8773
[2026-05-17 19:55:07 +0000] [8774] [INFO] Booting worker with pid: 8774
[2026-05-17 19:55:07 +0000] [8776] [INFO] Booting worker with pid: 8776
[2026-05-17 19:55:08 +0000] [8770] [INFO] Control socket listening at /run/user/0/gunicorn.ctl
[2026-05-17 19:59:44 +0000] [8772] [INFO] Worker exiting (pid: 8772)
[2026-05-17 19:59:44 +0000] [8773] [INFO] Worker exiting (pid: 8773)
[scheduler] 每日日报已调度: Asia/Shanghai 08:00 (DISABLE_DAILY_SCHEDULER=1 可关闭)
[scheduler] 每日日报已调度: Asia/Shanghai 08:00 (DISABLE_DAILY_SCHEDULER=1 可关闭)
[2026-05-17 19:59:44 +0000] [8774] [INFO] Worker exiting (pid: 8774)
[scheduler] 每日日报已调度: Asia/Shanghai 08:00 (DISABLE_DAILY_SCHEDULER=1 可关闭)
[2026-05-17 19:59:44 +0000] [8770] [INFO] Handling signal: term
[2026-05-17 19:59:44 +0000] [8776] [INFO] Worker exiting (pid: 8776)
[scheduler] 每日日报已调度: Asia/Shanghai 08:00 (DISABLE_DAILY_SCHEDULER=1 可关闭)
[2026-05-17 19:59:44 +0000] [8770] [INFO] Worker (pid:8772) was sent SIGTERM!
[2026-05-17 19:59:44 +0000] [8770] [INFO] Worker (pid:8774) was sent SIGTERM!
[2026-05-17 19:59:44 +0000] [8770] [INFO] Shutting down: Master
nohup: ignoring input
nohup: ignoring input
[2026-05-17 19:59:48 +0000] [9074] [INFO] Starting gunicorn 26.0.0
[2026-05-17 19:59:48 +0000] [9074] [INFO] Listening at: http://127.0.0.1:5000 (9074)
[2026-05-17 19:59:48 +0000] [9074] [INFO] Using worker: gthread
[2026-05-17 19:59:48 +0000] [9075] [INFO] Booting worker with pid: 9075
[2026-05-17 19:59:48 +0000] [9076] [INFO] Booting worker with pid: 9076
[2026-05-17 19:59:48 +0000] [9077] [INFO] Booting worker with pid: 9077
[2026-05-17 19:59:48 +0000] [9078] [INFO] Booting worker with pid: 9078
[2026-05-17 19:59:48 +0000] [9074] [INFO] Control socket listening at /run/user/0/gunicorn.ctl
[2026-05-17 20:07:54 +0000] [9074] [INFO] Handling signal: term
[2026-05-17 20:07:54 +0000] [9075] [INFO] Worker exiting (pid: 9075)
[scheduler] 每日日报已调度: Asia/Shanghai 08:00 (DISABLE_DAILY_SCHEDULER=1 可关闭)
[2026-05-17 20:07:54 +0000] [9077] [INFO] Worker exiting (pid: 9077)
[scheduler] 每日日报已调度: Asia/Shanghai 08:00 (DISABLE_DAILY_SCHEDULER=1 可关闭)
[2026-05-17 20:07:54 +0000] [9076] [INFO] Worker exiting (pid: 9076)
[scheduler] 每日日报已调度: Asia/Shanghai 08:00 (DISABLE_DAILY_SCHEDULER=1 可关闭)
[2026-05-17 20:07:54 +0000] [9078] [INFO] Worker exiting (pid: 9078)
[scheduler] 每日日报已调度: Asia/Shanghai 08:00 (DISABLE_DAILY_SCHEDULER=1 可关闭)
[2026-05-17 20:07:55 +0000] [9074] [INFO] Shutting down: Master
nohup: ignoring input
[2026-05-17 20:07:56 +0000] [9278] [INFO] Starting gunicorn 26.0.0
[2026-05-17 20:07:56 +0000] [9278] [INFO] Listening at: http://127.0.0.1:5000 (9278)
[2026-05-17 20:07:56 +0000] [9278] [INFO] Using worker: gthread
[2026-05-17 20:07:56 +0000] [9280] [INFO] Booting worker with pid: 9280
[2026-05-17 20:07:56 +0000] [9281] [INFO] Booting worker with pid: 9281
[2026-05-17 20:07:56 +0000] [9283] [INFO] Booting worker with pid: 9283
[2026-05-17 20:07:56 +0000] [9284] [INFO] Booting worker with pid: 9284
[2026-05-17 20:07:56 +0000] [9278] [INFO] Control socket listening at /run/user/0/gunicorn.ctl
[2026-05-17 20:22:31 +0000] [9280] [INFO] Worker exiting (pid: 9280)
[2026-05-17 20:22:31 +0000] [9281] [INFO] Worker exiting (pid: 9281)
[scheduler] 每日日报已调度: Asia/Shanghai 08:00 (DISABLE_DAILY_SCHEDULER=1 可关闭)
[scheduler] 每日日报已调度: Asia/Shanghai 08:00 (DISABLE_DAILY_SCHEDULER=1 可关闭)
[2026-05-17 20:22:31 +0000] [9283] [INFO] Worker exiting (pid: 9283)
[scheduler] 每日日报已调度: Asia/Shanghai 08:00 (DISABLE_DAILY_SCHEDULER=1 可关闭)
[2026-05-17 20:22:31 +0000] [9284] [INFO] Worker exiting (pid: 9284)
[scheduler] 每日日报已调度: Asia/Shanghai 08:00 (DISABLE_DAILY_SCHEDULER=1 可关闭)
[2026-05-17 20:22:31 +0000] [9278] [INFO] Handling signal: term
[2026-05-17 20:22:31 +0000] [9278] [INFO] Worker (pid:9280) was sent SIGTERM!
[2026-05-17 20:22:31 +0000] [9278] [INFO] Worker (pid:9281) was sent SIGTERM!
[2026-05-17 20:22:31 +0000] [9278] [INFO] Worker (pid:9283) was sent SIGTERM!
[2026-05-17 20:22:31 +0000] [9278] [INFO] Worker (pid:9284) was sent SIGTERM!
[2026-05-17 20:22:31 +0000] [9278] [INFO] Shutting down: Master
nohup: ignoring input
[2026-05-17 20:22:33 +0000] [9897] [INFO] Starting gunicorn 26.0.0
[2026-05-17 20:22:33 +0000] [9897] [ERROR] Connection in use: ('127.0.0.1', 5000)
[2026-05-17 20:22:33 +0000] [9897] [ERROR] connection to ('127.0.0.1', 5000) failed: [Errno 98] Address already in use
[2026-05-17 20:22:34 +0000] [9897] [ERROR] Connection in use: ('127.0.0.1', 5000)
[2026-05-17 20:22:34 +0000] [9897] [ERROR] connection to ('127.0.0.1', 5000) failed: [Errno 98] Address already in use
[2026-05-17 20:22:35 +0000] [9897] [INFO] Listening at: http://127.0.0.1:5000 (9897)
[2026-05-17 20:22:35 +0000] [9897] [INFO] Using worker: gthread
[2026-05-17 20:22:35 +0000] [9905] [INFO] Booting worker with pid: 9905
[2026-05-17 20:22:35 +0000] [9904] [INFO] Booting worker with pid: 9904
[2026-05-17 20:22:35 +0000] [9906] [INFO] Booting worker with pid: 9906
[2026-05-17 20:22:36 +0000] [9907] [INFO] Booting worker with pid: 9907
[2026-05-17 20:22:36 +0000] [9897] [INFO] Control socket listening at /run/user/0/gunicorn.ctl
